2025-06-30 12:08:40 0 [Note] Starting MariaDB 10.11.13-MariaDB source revision 8fb09426b98583916ccfd4f8c49741adc115bac3 server_uid 0269mxx5iLilrUBhLWKLizjD6WY= as process 380
2025-06-30 12:08:40 0 [Note] InnoDB: Compressed tables use zlib 1.3.1
2025-06-30 12:08:40 0 [Note] InnoDB: Number of transaction pools: 1
2025-06-30 12:08:40 0 [Note] InnoDB: Using crc32 + pclmulqdq instructions
2025-06-30 12:08:40 0 [Note] InnoDB: innodb_buffer_pool_size_max=128m, innodb_buffer_pool_size=128m
2025-06-30 12:08:40 0 [Note] InnoDB: Completed initialization of buffer pool
2025-06-30 12:08:40 0 [Note] InnoDB: File system buffers for log disabled (block size=4096 bytes)
2025-06-30 12:08:40 0 [Note] InnoDB: End of log at LSN=46980
2025-06-30 12:08:40 0 [Note] InnoDB: 128 rollback segments are active.
2025-06-30 12:08:40 0 [Note] InnoDB: Setting file './ibtmp1' size to 12.000MiB. Physically writing the file full; Please wait ...
2025-06-30 12:08:40 0 [Note] InnoDB: File './ibtmp1' size is now 12.000MiB.
2025-06-30 12:08:40 0 [Note] InnoDB: log sequence number 46980; transaction id 14
2025-06-30 12:08:40 0 [Note] Plugin 'FEEDBACK' is disabled.
2025-06-30 12:08:40 0 [Note] InnoDB: Loading buffer pool(s) from C:\Users\OJT\Desktop\PROJECT\InventoryApp\mariadb\data\ib_buffer_pool
2025-06-30 12:08:40 0 [Note] mysqld.exe: SSPI: using principal name 'SDP-DP-108a$@shindengenphils.com', mech 'Negotiate'
2025-06-30 12:08:40 0 [Note] Server socket created on IP: '127.0.0.1'.
2025-06-30 12:08:40 0 [Note] InnoDB: Buffer pool(s) load completed at 250630 12:08:40
2025-06-30 12:08:40 0 [Note] mariadb\bin\mysqld.exe: ready for connections.
Version: '10.11.13-MariaDB'  socket: ''  port: 3307  mariadb.org binary distribution
2025-06-30 12:10:44 3 [Warning] Aborted connection 3 to db: 'unconnected' user: 'root' host: '' (Got an error reading communication packets)
2025-06-30 12:45:25 0 [Note] Starting MariaDB 10.11.13-MariaDB source revision 8fb09426b98583916ccfd4f8c49741adc115bac3 server_uid 0269mxx5iLilrUBhLWKLizjD6WY= as process 12984
2025-06-30 12:45:25 0 [Note] InnoDB: Compressed tables use zlib 1.3.1
2025-06-30 12:45:25 0 [Note] InnoDB: Number of transaction pools: 1
2025-06-30 12:45:25 0 [Note] InnoDB: Using crc32 + pclmulqdq instructions
2025-06-30 12:45:25 0 [Note] InnoDB: innodb_buffer_pool_size_max=128m, innodb_buffer_pool_size=128m
2025-06-30 12:45:25 0 [Note] InnoDB: Completed initialization of buffer pool
2025-06-30 12:45:25 0 [Note] InnoDB: File system buffers for log disabled (block size=4096 bytes)
2025-06-30 12:45:25 0 [Note] InnoDB: Starting crash recovery from checkpoint LSN=46980
2025-06-30 12:45:25 0 [Note] InnoDB: End of log at LSN=313984
2025-06-30 12:45:25 0 [Note] InnoDB: To recover: 39 pages
2025-06-30 12:45:25 0 [Note] InnoDB: 128 rollback segments are active.
2025-06-30 12:45:25 0 [Note] InnoDB: Removed temporary tablespace data file: "./ibtmp1"
2025-06-30 12:45:25 0 [Note] InnoDB: Setting file './ibtmp1' size to 12.000MiB. Physically writing the file full; Please wait ...
2025-06-30 12:45:25 0 [Note] InnoDB: File './ibtmp1' size is now 12.000MiB.
2025-06-30 12:45:25 0 [Note] InnoDB: log sequence number 313984; transaction id 43
2025-06-30 12:45:25 0 [Note] Plugin 'FEEDBACK' is disabled.
2025-06-30 12:45:25 0 [Note] InnoDB: Loading buffer pool(s) from C:\Users\OJT\Desktop\PROJECT\InventoryApp\mariadb\data\ib_buffer_pool
2025-06-30 12:45:25 0 [Note] mysqld.exe: SSPI: using principal name 'SDP-DP-108a$@shindengenphils.com', mech 'Negotiate'
2025-06-30 12:45:25 0 [Note] InnoDB: Buffer pool(s) load completed at 250630 12:45:25
2025-06-30 12:45:25 0 [Note] Server socket created on IP: '0.0.0.0'.
2025-06-30 12:45:25 0 [Note] mariadb\bin\mysqld.exe: ready for connections.
Version: '10.11.13-MariaDB'  socket: ''  port: 3307  mariadb.org binary distribution
2025-06-30 12:45:36 0 [Note] console_event_handler: received CTRL_CLOSE_EVENT event, terminating
2025-06-30 13:17:00 0 [Note] Starting MariaDB 10.11.13-MariaDB source revision 8fb09426b98583916ccfd4f8c49741adc115bac3 server_uid 0269mxx5iLilrUBhLWKLizjD6WY= as process 10884
2025-06-30 13:17:00 0 [Note] InnoDB: Compressed tables use zlib 1.3.1
2025-06-30 13:17:00 0 [Note] InnoDB: Number of transaction pools: 1
2025-06-30 13:17:00 0 [Note] InnoDB: Using crc32 + pclmulqdq instructions
2025-06-30 13:17:00 0 [Note] InnoDB: innodb_buffer_pool_size_max=128m, innodb_buffer_pool_size=128m
2025-06-30 13:17:00 0 [Note] InnoDB: Completed initialization of buffer pool
2025-06-30 13:17:00 0 [Note] InnoDB: File system buffers for log disabled (block size=4096 bytes)
2025-06-30 13:17:00 0 [Note] InnoDB: Starting crash recovery from checkpoint LSN=46980
2025-06-30 13:17:00 0 [Note] InnoDB: End of log at LSN=319003
2025-06-30 13:17:00 0 [Note] InnoDB: To recover: 39 pages
2025-06-30 13:17:00 0 [Note] InnoDB: 128 rollback segments are active.
2025-06-30 13:17:00 0 [Note] InnoDB: Removed temporary tablespace data file: "./ibtmp1"
2025-06-30 13:17:00 0 [Note] InnoDB: Setting file './ibtmp1' size to 12.000MiB. Physically writing the file full; Please wait ...
2025-06-30 13:17:00 0 [Note] InnoDB: File './ibtmp1' size is now 12.000MiB.
2025-06-30 13:17:00 0 [Note] InnoDB: log sequence number 319003; transaction id 73
2025-06-30 13:17:00 0 [Note] Plugin 'FEEDBACK' is disabled.
2025-06-30 13:17:00 0 [Note] InnoDB: Loading buffer pool(s) from C:\Users\OJT\Desktop\PROJECT\InventoryApp\mariadb\data\ib_buffer_pool
2025-06-30 13:17:00 0 [Note] mysqld.exe: SSPI: using principal name 'SDP-DP-108a$@shindengenphils.com', mech 'Negotiate'
2025-06-30 13:17:00 0 [Note] InnoDB: Buffer pool(s) load completed at 250630 13:17:00
2025-06-30 13:17:00 0 [Note] Server socket created on IP: '0.0.0.0'.
2025-06-30 13:17:00 0 [Note] mariadb\bin\mysqld.exe: ready for connections.
Version: '10.11.13-MariaDB'  socket: ''  port: 3307  mariadb.org binary distribution
2025-06-30 13:21:15 0 [Note] console_event_handler: received CTRL_CLOSE_EVENT event, terminating
2025-06-30 13:21:22 0 [Note] Starting MariaDB 10.11.13-MariaDB source revision 8fb09426b98583916ccfd4f8c49741adc115bac3 server_uid 0269mxx5iLilrUBhLWKLizjD6WY= as process 14152
2025-06-30 13:21:22 0 [Note] InnoDB: Compressed tables use zlib 1.3.1
2025-06-30 13:21:22 0 [Note] InnoDB: Number of transaction pools: 1
2025-06-30 13:21:22 0 [Note] InnoDB: Using crc32 + pclmulqdq instructions
2025-06-30 13:21:22 0 [Note] InnoDB: innodb_buffer_pool_size_max=128m, innodb_buffer_pool_size=128m
2025-06-30 13:21:22 0 [Note] InnoDB: Completed initialization of buffer pool
2025-06-30 13:21:22 0 [Note] InnoDB: File system buffers for log disabled (block size=4096 bytes)
2025-06-30 13:21:22 0 [Note] InnoDB: Starting crash recovery from checkpoint LSN=46980
2025-06-30 13:21:22 0 [Note] InnoDB: End of log at LSN=319003
2025-06-30 13:21:22 0 [Note] InnoDB: To recover: 39 pages
2025-06-30 13:21:22 0 [Note] InnoDB: 128 rollback segments are active.
2025-06-30 13:21:22 0 [Note] InnoDB: Removed temporary tablespace data file: "./ibtmp1"
2025-06-30 13:21:22 0 [Note] InnoDB: Setting file './ibtmp1' size to 12.000MiB. Physically writing the file full; Please wait ...
2025-06-30 13:21:22 0 [Note] InnoDB: File './ibtmp1' size is now 12.000MiB.
2025-06-30 13:21:22 0 [Note] InnoDB: log sequence number 319003; transaction id 73
2025-06-30 13:21:22 0 [Note] Plugin 'FEEDBACK' is disabled.
2025-06-30 13:21:22 0 [Note] InnoDB: Loading buffer pool(s) from C:\Users\OJT\Desktop\PROJECT\InventoryApp\mariadb\data\ib_buffer_pool
2025-06-30 13:21:22 0 [Note] mysqld.exe: SSPI: using principal name 'SDP-DP-108a$@shindengenphils.com', mech 'Negotiate'
2025-06-30 13:21:22 0 [Note] InnoDB: Buffer pool(s) load completed at 250630 13:21:22
2025-06-30 13:21:22 0 [Note] Server socket created on IP: '0.0.0.0'.
2025-06-30 13:21:22 0 [Note] mariadb\bin\mysqld.exe: ready for connections.
Version: '10.11.13-MariaDB'  socket: ''  port: 3307  mariadb.org binary distribution
2025-06-30 13:22:20 0 [Note] console_event_handler: received CTRL_CLOSE_EVENT event, terminating
2025-06-30 13:24:58 0 [Note] Starting MariaDB 10.11.13-MariaDB source revision 8fb09426b98583916ccfd4f8c49741adc115bac3 server_uid 0269mxx5iLilrUBhLWKLizjD6WY= as process 8288
2025-06-30 13:24:58 0 [Note] InnoDB: Compressed tables use zlib 1.3.1
2025-06-30 13:24:58 0 [Note] InnoDB: Number of transaction pools: 1
2025-06-30 13:24:58 0 [Note] InnoDB: Using crc32 + pclmulqdq instructions
2025-06-30 13:24:58 0 [Note] InnoDB: innodb_buffer_pool_size_max=128m, innodb_buffer_pool_size=128m
2025-06-30 13:24:58 0 [Note] InnoDB: Completed initialization of buffer pool
2025-06-30 13:24:58 0 [Note] InnoDB: File system buffers for log disabled (block size=4096 bytes)
2025-06-30 13:24:58 0 [Note] InnoDB: Starting crash recovery from checkpoint LSN=46980
2025-06-30 13:24:58 0 [Note] InnoDB: End of log at LSN=319003
2025-06-30 13:24:58 0 [Note] InnoDB: To recover: 39 pages
2025-06-30 13:24:58 0 [Note] InnoDB: 128 rollback segments are active.
2025-06-30 13:24:58 0 [Note] InnoDB: Removed temporary tablespace data file: "./ibtmp1"
2025-06-30 13:24:58 0 [Note] InnoDB: Setting file './ibtmp1' size to 12.000MiB. Physically writing the file full; Please wait ...
2025-06-30 13:24:58 0 [Note] InnoDB: File './ibtmp1' size is now 12.000MiB.
2025-06-30 13:24:58 0 [Note] InnoDB: log sequence number 319003; transaction id 73
2025-06-30 13:24:58 0 [Note] Plugin 'FEEDBACK' is disabled.
2025-06-30 13:24:58 0 [Note] InnoDB: Loading buffer pool(s) from C:\Users\OJT\Desktop\PROJECT\InventoryApp\mariadb\data\ib_buffer_pool
2025-06-30 13:24:58 0 [Note] mysqld.exe: SSPI: using principal name 'SDP-DP-108a$@shindengenphils.com', mech 'Negotiate'
2025-06-30 13:24:58 0 [Note] InnoDB: Buffer pool(s) load completed at 250630 13:24:58
2025-06-30 13:24:58 0 [Note] Server socket created on IP: '0.0.0.0'.
2025-06-30 13:24:58 0 [Note] mariadb\bin\mysqld.exe: ready for connections.
Version: '10.11.13-MariaDB'  socket: ''  port: 3307  mariadb.org binary distribution
2025-06-30 13:25:08 0 [Note] console_event_handler: received CTRL_CLOSE_EVENT event, terminating
2025-06-30 13:25:47 0 [Note] Starting MariaDB 10.11.13-MariaDB source revision 8fb09426b98583916ccfd4f8c49741adc115bac3 server_uid 0269mxx5iLilrUBhLWKLizjD6WY= as process 8336
2025-06-30 13:25:47 0 [Note] InnoDB: Compressed tables use zlib 1.3.1
2025-06-30 13:25:47 0 [Note] InnoDB: Number of transaction pools: 1
2025-06-30 13:25:47 0 [Note] InnoDB: Using crc32 + pclmulqdq instructions
2025-06-30 13:25:47 0 [Note] InnoDB: innodb_buffer_pool_size_max=128m, innodb_buffer_pool_size=128m
2025-06-30 13:25:47 0 [Note] InnoDB: Completed initialization of buffer pool
2025-06-30 13:25:47 0 [Note] InnoDB: File system buffers for log disabled (block size=4096 bytes)
2025-06-30 13:25:47 0 [Note] InnoDB: Starting crash recovery from checkpoint LSN=46980
2025-06-30 13:25:47 0 [Note] InnoDB: End of log at LSN=319003
2025-06-30 13:25:47 0 [Note] InnoDB: To recover: 39 pages
2025-06-30 13:25:47 0 [Note] InnoDB: 128 rollback segments are active.
2025-06-30 13:25:47 0 [Note] InnoDB: Removed temporary tablespace data file: "./ibtmp1"
2025-06-30 13:25:47 0 [Note] InnoDB: Setting file './ibtmp1' size to 12.000MiB. Physically writing the file full; Please wait ...
2025-06-30 13:25:47 0 [Note] InnoDB: File './ibtmp1' size is now 12.000MiB.
2025-06-30 13:25:47 0 [Note] InnoDB: log sequence number 319003; transaction id 73
2025-06-30 13:25:47 0 [Note] Plugin 'FEEDBACK' is disabled.
2025-06-30 13:25:47 0 [Note] InnoDB: Loading buffer pool(s) from C:\Users\OJT\Desktop\PROJECT\InventoryApp\mariadb\data\ib_buffer_pool
2025-06-30 13:25:47 0 [Note] mysqld.exe: SSPI: using principal name 'SDP-DP-108a$@shindengenphils.com', mech 'Negotiate'
2025-06-30 13:25:47 0 [Note] InnoDB: Buffer pool(s) load completed at 250630 13:25:47
2025-06-30 13:25:47 0 [Note] Server socket created on IP: '0.0.0.0'.
2025-06-30 13:25:47 0 [Note] mariadb\bin\mysqld.exe: ready for connections.
Version: '10.11.13-MariaDB'  socket: ''  port: 3307  mariadb.org binary distribution
2025-06-30 13:25:58 0 [Note] console_event_handler: received CTRL_CLOSE_EVENT event, terminating
2025-06-30 15:29:02 0 [Note] Starting MariaDB 10.11.13-MariaDB source revision 8fb09426b98583916ccfd4f8c49741adc115bac3 server_uid 0269mxx5iLilrUBhLWKLizjD6WY= as process 22976
2025-06-30 15:29:02 0 [Note] InnoDB: Compressed tables use zlib 1.3.1
2025-06-30 15:29:02 0 [Note] InnoDB: Number of transaction pools: 1
2025-06-30 15:29:02 0 [Note] InnoDB: Using crc32 + pclmulqdq instructions
2025-06-30 15:29:02 0 [Note] InnoDB: innodb_buffer_pool_size_max=128m, innodb_buffer_pool_size=128m
2025-06-30 15:29:02 0 [Note] InnoDB: Completed initialization of buffer pool
2025-06-30 15:29:02 0 [Note] InnoDB: File system buffers for log disabled (block size=4096 bytes)
2025-06-30 15:29:02 0 [Note] InnoDB: Starting crash recovery from checkpoint LSN=46980
2025-06-30 15:29:02 0 [Note] InnoDB: End of log at LSN=320050
2025-06-30 15:29:02 0 [Note] InnoDB: To recover: 39 pages
2025-06-30 15:29:02 0 [Note] InnoDB: 128 rollback segments are active.
2025-06-30 15:29:02 0 [Note] InnoDB: Removed temporary tablespace data file: "./ibtmp1"
2025-06-30 15:29:02 0 [Note] InnoDB: Setting file './ibtmp1' size to 12.000MiB. Physically writing the file full; Please wait ...
2025-06-30 15:29:02 0 [Note] InnoDB: File './ibtmp1' size is now 12.000MiB.
2025-06-30 15:29:02 0 [Note] InnoDB: log sequence number 320050; transaction id 84
2025-06-30 15:29:02 0 [Note] Plugin 'FEEDBACK' is disabled.
2025-06-30 15:29:02 0 [Note] InnoDB: Loading buffer pool(s) from C:\Users\OJT\Desktop\PROJECT\InventoryApp\mariadb\data\ib_buffer_pool
2025-06-30 15:29:02 0 [Note] mysqld.exe: SSPI: using principal name 'SDP-DP-108a$@shindengenphils.com', mech 'Negotiate'
2025-06-30 15:29:02 0 [Note] InnoDB: Buffer pool(s) load completed at 250630 15:29:02
2025-06-30 15:29:02 0 [Note] Server socket created on IP: '0.0.0.0'.
2025-06-30 15:29:02 0 [ERROR] Can't start server: Bind on TCP/IP port. Got error: 10048: Only one usage of each socket address (protocol/network address/port) is normally permitted.

2025-06-30 15:29:02 0 [ERROR] Do you already have another server running on port: 3307 ?
2025-06-30 15:29:02 0 [ERROR] Aborting
2025-06-30 15:32:12 0 [Note] Starting MariaDB 10.11.13-MariaDB source revision 8fb09426b98583916ccfd4f8c49741adc115bac3 server_uid 0269mxx5iLilrUBhLWKLizjD6WY= as process 5020
2025-06-30 15:32:12 0 [Note] InnoDB: Compressed tables use zlib 1.3.1
2025-06-30 15:32:12 0 [Note] InnoDB: Number of transaction pools: 1
2025-06-30 15:32:12 0 [Note] InnoDB: Using crc32 + pclmulqdq instructions
2025-06-30 15:32:12 0 [Note] InnoDB: innodb_buffer_pool_size_max=128m, innodb_buffer_pool_size=128m
2025-06-30 15:32:12 0 [Note] InnoDB: Completed initialization of buffer pool
2025-06-30 15:32:12 0 [Note] InnoDB: File system buffers for log disabled (block size=4096 bytes)
2025-06-30 15:32:12 0 [Note] InnoDB: End of log at LSN=320416
2025-06-30 15:32:12 0 [Note] InnoDB: 128 rollback segments are active.
2025-06-30 15:32:12 0 [Note] InnoDB: Setting file './ibtmp1' size to 12.000MiB. Physically writing the file full; Please wait ...
2025-06-30 15:32:12 0 [Note] InnoDB: File './ibtmp1' size is now 12.000MiB.
2025-06-30 15:32:12 0 [Note] InnoDB: log sequence number 320416; transaction id 84
2025-06-30 15:32:12 0 [Note] Plugin 'FEEDBACK' is disabled.
2025-06-30 15:32:12 0 [Note] InnoDB: Loading buffer pool(s) from C:\Users\OJT\Desktop\PROJECT\InventoryApp\mariadb\data\ib_buffer_pool
2025-06-30 15:32:12 0 [Note] mysqld.exe: SSPI: using principal name 'SDP-DP-108a$@shindengenphils.com', mech 'Negotiate'
2025-06-30 15:32:12 0 [Note] Server socket created on IP: '0.0.0.0'.
2025-06-30 15:32:12 0 [Note] InnoDB: Buffer pool(s) load completed at 250630 15:32:12
2025-06-30 15:32:12 0 [Note] mariadb\bin\mysqld.exe: ready for connections.
Version: '10.11.13-MariaDB'  socket: ''  port: 3307  mariadb.org binary distribution
2025-06-30 15:32:38 0 [Note] console_event_handler: received CTRL_CLOSE_EVENT event, terminating
2025-06-30 15:33:02 0 [Note] Starting MariaDB 10.11.13-MariaDB source revision 8fb09426b98583916ccfd4f8c49741adc115bac3 server_uid 0269mxx5iLilrUBhLWKLizjD6WY= as process 5140
2025-06-30 15:33:02 0 [Note] InnoDB: Compressed tables use zlib 1.3.1
2025-06-30 15:33:02 0 [Note] InnoDB: Number of transaction pools: 1
2025-06-30 15:33:02 0 [Note] InnoDB: Using crc32 + pclmulqdq instructions
2025-06-30 15:33:02 0 [Note] InnoDB: innodb_buffer_pool_size_max=128m, innodb_buffer_pool_size=128m
2025-06-30 15:33:02 0 [Note] InnoDB: Completed initialization of buffer pool
2025-06-30 15:33:02 0 [Note] InnoDB: File system buffers for log disabled (block size=4096 bytes)
2025-06-30 15:33:02 0 [Note] InnoDB: End of log at LSN=320416
2025-06-30 15:33:02 0 [Note] InnoDB: 128 rollback segments are active.
2025-06-30 15:33:02 0 [Note] InnoDB: Removed temporary tablespace data file: "./ibtmp1"
2025-06-30 15:33:02 0 [Note] InnoDB: Setting file './ibtmp1' size to 12.000MiB. Physically writing the file full; Please wait ...
2025-06-30 15:33:02 0 [Note] InnoDB: File './ibtmp1' size is now 12.000MiB.
2025-06-30 15:33:02 0 [Note] InnoDB: log sequence number 320416; transaction id 84
2025-06-30 15:33:02 0 [Note] Plugin 'FEEDBACK' is disabled.
2025-06-30 15:33:02 0 [Note] InnoDB: Loading buffer pool(s) from C:\Users\OJT\Desktop\PROJECT\InventoryApp\mariadb\data\ib_buffer_pool
2025-06-30 15:33:02 0 [Note] mysqld.exe: SSPI: using principal name 'SDP-DP-108a$@shindengenphils.com', mech 'Negotiate'
2025-06-30 15:33:02 0 [Note] Server socket created on IP: '0.0.0.0'.
2025-06-30 15:33:02 0 [Note] InnoDB: Buffer pool(s) load completed at 250630 15:33:02
2025-06-30 15:33:02 0 [Note] mariadb\bin\mysqld.exe: ready for connections.
Version: '10.11.13-MariaDB'  socket: ''  port: 3307  mariadb.org binary distribution
2025-06-30 15:33:07 0 [Note] console_event_handler: received CTRL_CLOSE_EVENT event, terminating
2025-06-30 15:33:38 0 [Note] Starting MariaDB 10.11.13-MariaDB source revision 8fb09426b98583916ccfd4f8c49741adc115bac3 server_uid 0269mxx5iLilrUBhLWKLizjD6WY= as process 11788
2025-06-30 15:33:38 0 [Note] InnoDB: Compressed tables use zlib 1.3.1
2025-06-30 15:33:38 0 [Note] InnoDB: Number of transaction pools: 1
2025-06-30 15:33:38 0 [Note] InnoDB: Using crc32 + pclmulqdq instructions
2025-06-30 15:33:38 0 [Note] InnoDB: innodb_buffer_pool_size_max=128m, innodb_buffer_pool_size=128m
2025-06-30 15:33:38 0 [Note] InnoDB: Completed initialization of buffer pool
2025-06-30 15:33:38 0 [Note] InnoDB: File system buffers for log disabled (block size=4096 bytes)
2025-06-30 15:33:38 0 [Note] InnoDB: End of log at LSN=320416
2025-06-30 15:33:38 0 [Note] InnoDB: 128 rollback segments are active.
2025-06-30 15:33:38 0 [Note] InnoDB: Removed temporary tablespace data file: "./ibtmp1"
2025-06-30 15:33:38 0 [Note] InnoDB: Setting file './ibtmp1' size to 12.000MiB. Physically writing the file full; Please wait ...
2025-06-30 15:33:38 0 [Note] InnoDB: File './ibtmp1' size is now 12.000MiB.
2025-06-30 15:33:38 0 [Note] InnoDB: log sequence number 320416; transaction id 84
2025-06-30 15:33:38 0 [Note] Plugin 'FEEDBACK' is disabled.
2025-06-30 15:33:38 0 [Note] InnoDB: Loading buffer pool(s) from C:\Users\OJT\Desktop\PROJECT\InventoryApp\mariadb\data\ib_buffer_pool
2025-06-30 15:33:38 0 [Note] mysqld.exe: SSPI: using principal name 'SDP-DP-108a$@shindengenphils.com', mech 'Negotiate'
2025-06-30 15:33:38 0 [Note] Server socket created on IP: '0.0.0.0'.
2025-06-30 15:33:38 0 [Note] InnoDB: Buffer pool(s) load completed at 250630 15:33:38
2025-06-30 15:33:38 0 [Note] mariadb\bin\mysqld.exe: ready for connections.
Version: '10.11.13-MariaDB'  socket: ''  port: 3307  mariadb.org binary distribution
2025-06-30 15:34:30 0 [Note] Starting MariaDB 10.11.13-MariaDB source revision 8fb09426b98583916ccfd4f8c49741adc115bac3 server_uid 0269mxx5iLilrUBhLWKLizjD6WY= as process 12532
2025-06-30 15:34:30 0 [Note] InnoDB: Compressed tables use zlib 1.3.1
2025-06-30 15:34:30 0 [Note] InnoDB: Number of transaction pools: 1
2025-06-30 15:34:30 0 [Note] InnoDB: Using crc32 + pclmulqdq instructions
2025-06-30 15:34:30 0 [Note] InnoDB: innodb_buffer_pool_size_max=128m, innodb_buffer_pool_size=128m
2025-06-30 15:34:30 0 [Note] InnoDB: Completed initialization of buffer pool
2025-06-30 15:34:30 0 [Note] InnoDB: File system buffers for log disabled (block size=4096 bytes)
2025-06-30 15:34:30 0 [Note] InnoDB: End of log at LSN=320416
2025-06-30 15:34:31 0 [Note] InnoDB: 128 rollback segments are active.
2025-06-30 15:34:31 0 [Note] InnoDB: Removed temporary tablespace data file: "./ibtmp1"
2025-06-30 15:34:31 0 [Note] InnoDB: Setting file './ibtmp1' size to 12.000MiB. Physically writing the file full; Please wait ...
2025-06-30 15:34:31 0 [Note] InnoDB: File './ibtmp1' size is now 12.000MiB.
2025-06-30 15:34:31 0 [Note] InnoDB: log sequence number 320416; transaction id 84
2025-06-30 15:34:31 0 [Note] Plugin 'FEEDBACK' is disabled.
2025-06-30 15:34:31 0 [Note] InnoDB: Loading buffer pool(s) from C:\Users\OJT\Desktop\PROJECT\InventoryApp\mariadb\data\ib_buffer_pool
2025-06-30 15:34:31 0 [Note] mysqld.exe: SSPI: using principal name 'SDP-DP-108a$@shindengenphils.com', mech 'Negotiate'
2025-06-30 15:34:31 0 [Note] Server socket created on IP: '0.0.0.0'.
2025-06-30 15:34:31 0 [Note] InnoDB: Buffer pool(s) load completed at 250630 15:34:31
2025-06-30 15:34:31 0 [Note] mariadb\bin\mysqld.exe: ready for connections.
Version: '10.11.13-MariaDB'  socket: ''  port: 3307  mariadb.org binary distribution
2025-06-30 15:58:09 3 [Warning] Aborted connection 3 to db: 'unconnected' user: 'root' host: 'localhost' (Got an error reading communication packets)
2025-06-30 15:58:09 0 [Note] console_event_handler: received CTRL_CLOSE_EVENT event, terminating
2025-07-01  7:06:26 0 [Note] Starting MariaDB 10.11.13-MariaDB source revision 8fb09426b98583916ccfd4f8c49741adc115bac3 server_uid 0269mxx5iLilrUBhLWKLizjD6WY= as process 8492
2025-07-01  7:06:26 0 [Note] InnoDB: Compressed tables use zlib 1.3.1
2025-07-01  7:06:26 0 [Note] InnoDB: Number of transaction pools: 1
2025-07-01  7:06:26 0 [Note] InnoDB: Using crc32 + pclmulqdq instructions
2025-07-01  7:06:26 0 [Note] InnoDB: innodb_buffer_pool_size_max=128m, innodb_buffer_pool_size=128m
2025-07-01  7:06:26 0 [Note] InnoDB: Completed initialization of buffer pool
2025-07-01  7:06:26 0 [Note] InnoDB: File system buffers for log disabled (block size=4096 bytes)
2025-07-01  7:06:26 0 [Note] InnoDB: End of log at LSN=320416
2025-07-01  7:06:26 0 [Note] InnoDB: 128 rollback segments are active.
2025-07-01  7:06:26 0 [Note] InnoDB: Removed temporary tablespace data file: "./ibtmp1"
2025-07-01  7:06:26 0 [Note] InnoDB: Setting file './ibtmp1' size to 12.000MiB. Physically writing the file full; Please wait ...
2025-07-01  7:06:26 0 [Note] InnoDB: File './ibtmp1' size is now 12.000MiB.
2025-07-01  7:06:26 0 [Note] InnoDB: log sequence number 320416; transaction id 84
2025-07-01  7:06:26 0 [Note] Plugin 'FEEDBACK' is disabled.
2025-07-01  7:06:26 0 [Note] InnoDB: Loading buffer pool(s) from C:\Users\OJT\Desktop\PROJECT\InventoryApp\mariadb\data\ib_buffer_pool
2025-07-01  7:06:26 0 [Note] mysqld.exe: SSPI: using principal name 'SDP-DP-108a$@shindengenphils.com', mech 'Negotiate'
2025-07-01  7:06:26 0 [Note] Server socket created on IP: '0.0.0.0'.
2025-07-01  7:06:26 0 [Note] InnoDB: Buffer pool(s) load completed at 250701  7:06:26
2025-07-01  7:06:26 0 [Note] mariadb\bin\mysqld.exe: ready for connections.
Version: '10.11.13-MariaDB'  socket: ''  port: 3307  mariadb.org binary distribution
2025-07-01  7:09:29 0 [Note] console_event_handler: received CTRL_CLOSE_EVENT event, terminating
2025-07-01  7:09:36 0 [Note] Starting MariaDB 10.11.13-MariaDB source revision 8fb09426b98583916ccfd4f8c49741adc115bac3 server_uid 0269mxx5iLilrUBhLWKLizjD6WY= as process 20940
2025-07-01  7:09:36 0 [Note] InnoDB: Compressed tables use zlib 1.3.1
2025-07-01  7:09:36 0 [Note] InnoDB: Number of transaction pools: 1
2025-07-01  7:09:36 0 [Note] InnoDB: Using crc32 + pclmulqdq instructions
2025-07-01  7:09:36 0 [Note] InnoDB: innodb_buffer_pool_size_max=128m, innodb_buffer_pool_size=128m
2025-07-01  7:09:36 0 [Note] InnoDB: Completed initialization of buffer pool
2025-07-01  7:09:36 0 [Note] InnoDB: File system buffers for log disabled (block size=4096 bytes)
2025-07-01  7:09:36 0 [Note] InnoDB: End of log at LSN=320416
2025-07-01  7:09:37 0 [Note] InnoDB: 128 rollback segments are active.
2025-07-01  7:09:37 0 [Note] InnoDB: Removed temporary tablespace data file: "./ibtmp1"
2025-07-01  7:09:37 0 [Note] InnoDB: Setting file './ibtmp1' size to 12.000MiB. Physically writing the file full; Please wait ...
2025-07-01  7:09:37 0 [Note] InnoDB: File './ibtmp1' size is now 12.000MiB.
2025-07-01  7:09:37 0 [Note] InnoDB: log sequence number 320416; transaction id 84
2025-07-01  7:09:37 0 [Note] Plugin 'FEEDBACK' is disabled.
2025-07-01  7:09:37 0 [Note] InnoDB: Loading buffer pool(s) from C:\Users\OJT\Desktop\PROJECT\InventoryApp\mariadb\data\ib_buffer_pool
2025-07-01  7:09:37 0 [Note] mysqld.exe: SSPI: using principal name 'SDP-DP-108a$@shindengenphils.com', mech 'Negotiate'
2025-07-01  7:09:37 0 [Note] Server socket created on IP: '0.0.0.0'.
2025-07-01  7:09:37 0 [Note] InnoDB: Buffer pool(s) load completed at 250701  7:09:37
2025-07-01  7:09:37 0 [Note] mariadb\bin\mysqld.exe: ready for connections.
Version: '10.11.13-MariaDB'  socket: ''  port: 3307  mariadb.org binary distribution
2025-07-15  8:49:15 0 [Note] Starting MariaDB 10.11.13-MariaDB source revision 8fb09426b98583916ccfd4f8c49741adc115bac3 server_uid 0269mxx5iLilrUBhLWKLizjD6WY= as process 5612
2025-07-15  8:49:15 0 [Note] InnoDB: Compressed tables use zlib 1.3.1
2025-07-15  8:49:15 0 [Note] InnoDB: Number of transaction pools: 1
2025-07-15  8:49:15 0 [Note] InnoDB: Using crc32 + pclmulqdq instructions
2025-07-15  8:49:15 0 [Note] InnoDB: innodb_buffer_pool_size_max=128m, innodb_buffer_pool_size=128m
2025-07-15  8:49:15 0 [Note] InnoDB: Completed initialization of buffer pool
2025-07-15  8:49:15 0 [Note] InnoDB: File system buffers for log disabled (block size=4096 bytes)
2025-07-15  8:49:15 0 [Note] InnoDB: End of log at LSN=2189369
2025-07-15  8:49:15 0 [Note] InnoDB: 128 rollback segments are active.
2025-07-15  8:49:15 0 [Note] InnoDB: Setting file './ibtmp1' size to 12.000MiB. Physically writing the file full; Please wait ...
2025-07-15  8:49:15 0 [Note] InnoDB: File './ibtmp1' size is now 12.000MiB.
2025-07-15  8:49:15 0 [Note] InnoDB: log sequence number 2189369; transaction id 4289
2025-07-15  8:49:15 0 [Note] InnoDB: Loading buffer pool(s) from C:\Users\OJT\Desktop\PROJECT\CHANGES\InventoryApp\mariadb\data\ib_buffer_pool
2025-07-15  8:49:15 0 [Note] Plugin 'FEEDBACK' is disabled.
2025-07-15  8:49:15 0 [Note] mysqld.exe: SSPI: using principal name 'SDP-DP-108a$@shindengenphils.com', mech 'Negotiate'
2025-07-15  8:49:15 0 [Note] Server socket created on IP: '0.0.0.0'.
2025-07-15  8:49:15 0 [Note] InnoDB: Buffer pool(s) load completed at 250715  8:49:15
2025-07-15  8:49:15 0 [Note] mariadb\bin\mysqld.exe: ready for connections.
Version: '10.11.13-MariaDB'  socket: ''  port: 3307  mariadb.org binary distribution
